# JRE version: Java(TM) SE Runtime Environment (8.0_91-b14) (build 1.8.0_91-b14)
# Java VM: Java HotSpot(TM) Client VM (25.91-b14 mixed mode windows-x86 )
Heap:
 def new generation   total 4992K, used 2244K [0x03c00000, 0x04160000, 0x09150000)
  eden space 4480K,  43% used [0x03c00000, 0x03de5680, 0x04060000)
  from space 512K,  59% used [0x04060000, 0x040aba38, 0x040e0000)
  to   space 512K,   0% used [0x040e0000, 0x040e0000, 0x04160000)
 tenured generation   total 10944K, used 4755K [0x09150000, 0x09c00000, 0x13c00000)
   the space 10944K,  43% used [0x09150000, 0x095f4c60, 0x095f4e00, 0x09c00000)
 Metaspace       used 8199K, capacity 8357K, committed 8448K, reserved 8576K
GC Heap History (10 events):
Event: 320.300 GC heap before
{Heap before GC invocations=547 (full 14):
 def new generation   total 4992K, used 4711K [0x03c00000, 0x04160000, 0x09150000)
  eden space 4480K,  98% used [0x03c00000, 0x0404e000, 0x04060000)
  from space 512K,  59% used [0x040e0000, 0x0412bd18, 0x04160000)
  to   space 512K,   0% used [0x04060000, 0x04060000, 0x040e0000)
 tenured generation   total 10944K, used 4453K [0x09150000, 0x09c00000, 0x13c00000)
   the space 10944K,  40% used [0x09150000, 0x095a9650, 0x095a9800, 0x09c00000)
 Metaspace       used 8199K, capacity 8357K, committed 8448K, reserved 8576K
Event: 320.301 GC heap after
Heap after GC invocations=548 (full 14):
 def new generation   total 4992K, used 302K [0x03c00000, 0x04160000, 0x09150000)
  eden space 4480K,   0% used [0x03c00000, 0x03c00000, 0x04060000)
  from space 512K,  59% used [0x04060000, 0x040abae0, 0x040e0000)
  to   space 512K,   0% used [0x040e0000, 0x040e0000, 0x04160000)
 tenured generation   total 10944K, used 4453K [0x09150000, 0x09c00000, 0x13c00000)
   the space 10944K,  40% used [0x09150000, 0x095a97e0, 0x095a9800, 0x09c00000)
 Metaspace       used 8199K, capacity 8357K, committed 8448K, reserved 8576K
}
Event: 320.538 GC heap before
{Heap before GC invocations=548 (full 14):
 def new generation   total 4992K, used 4681K [0x03c00000, 0x04160000, 0x09150000)
  eden space 4480K,  97% used [0x03c00000, 0x04046b50, 0x04060000)
  from space 512K,  59% used [0x04060000, 0x040abae0, 0x040e0000)
  to   space 512K,   0% used [0x040e0000, 0x040e0000, 0x04160000)
 tenured generation   total 10944K, used 4453K [0x09150000, 0x09c00000, 0x13c00000)
   the space 10944K,  40% used [0x09150000, 0x095a97e0, 0x095a9800, 0x09c00000)
 Metaspace       used 8199K, capacity 8357K, committed 8448K, reserved 8576K
Event: 320.539 GC heap after
Heap after GC invocations=549 (full 14):
 def new generation   total 4992K, used 302K [0x03c00000, 0x04160000, 0x09150000)
  eden space 4480K,   0% used [0x03c00000, 0x03c00000, 0x04060000)
  from space 512K,  59% used [0x040e0000, 0x0412ba38, 0x04160000)
  to   space 512K,   0% used [0x04060000, 0x04060000, 0x040e0000)
 tenured generation   total 10944K, used 4454K [0x09150000, 0x09c00000, 0x13c00000)
   the space 10944K,  40% used [0x09150000, 0x095a9930, 0x095a9a00, 0x09c00000)
 Metaspace       used 8199K, capacity 8357K, committed 8448K, reserved 8576K
}
Event: 320.769 GC heap before
{Heap before GC invocations=549 (full 14):
 def new generation   total 4992K, used 4681K [0x03c00000, 0x04160000, 0x09150000)
  eden space 4480K,  97% used [0x03c00000, 0x04046b90, 0x04060000)
  from space 512K,  59% used [0x040e0000, 0x0412ba38, 0x04160000)
  to   space 512K,   0% used [0x04060000, 0x04060000, 0x040e0000)
 tenured generation   total 10944K, used 4454K [0x09150000, 0x09c00000, 0x13c00000)
   the space 10944K,  40% used [0x09150000, 0x095a9930, 0x095a9a00, 0x09c00000)
 Metaspace       used 8199K, capacity 8357K, committed 8448K, reserved 8576K
Event: 320.770 GC heap after
Heap after GC invocations=550 (full 14):
 def new generation   total 4992K, used 303K [0x03c00000, 0x04160000, 0x09150000)
  eden space 4480K,   0% used [0x03c00000, 0x03c00000, 0x04060000)
  from space 512K,  59% used [0x04060000, 0x040abd18, 0x040e0000)
  to   space 512K,   0% used [0x040e0000, 0x040e0000, 0x04160000)
 tenured generation   total 10944K, used 4754K [0x09150000, 0x09c00000, 0x13c00000)
   the space 10944K,  43% used [0x09150000, 0x095f4a08, 0x095f4c00, 0x09c00000)
 Metaspace       used 8199K, capacity 8357K, committed 8448K, reserved 8576K
}
Event: 321.117 GC heap before
{Heap before GC invocations=550 (full 14):
 def new generation   total 4992K, used 4709K [0x03c00000, 0x04160000, 0x09150000)
  eden space 4480K,  98% used [0x03c00000, 0x0404d8e8, 0x04060000)
  from space 512K,  59% used [0x04060000, 0x040abd18, 0x040e0000)
  to   space 512K,   0% used [0x040e0000, 0x040e0000, 0x04160000)
 tenured generation   total 10944K, used 4754K [0x09150000, 0x09c00000, 0x13c00000)
   the space 10944K,  43% used [0x09150000, 0x095f4a08, 0x095f4c00, 0x09c00000)
 Metaspace       used 8199K, capacity 8357K, committed 8448K, reserved 8576K
Event: 321.119 GC heap after
Heap after GC invocations=551 (full 14):
 def new generation   total 4992K, used 302K [0x03c00000, 0x04160000, 0x09150000)
  eden space 4480K,   0% used [0x03c00000, 0x03c00000, 0x04060000)
  from space 512K,  59% used [0x040e0000, 0x0412ba58, 0x04160000)
  to   space 512K,   0% used [0x04060000, 0x04060000, 0x040e0000)
 tenured generation   total 10944K, used 4754K [0x09150000, 0x09c00000, 0x13c00000)
   the space 10944K,  43% used [0x09150000, 0x095f4b98, 0x095f4c00, 0x09c00000)
 Metaspace       used 8199K, capacity 8357K, committed 8448K, reserved 8576K
}
Event: 321.349 GC heap before
{Heap before GC invocations=551 (full 14):
 def new generation   total 4992K, used 4681K [0x03c00000, 0x04160000, 0x09150000)
  eden space 4480K,  97% used [0x03c00000, 0x04046d10, 0x04060000)
  from space 512K,  59% used [0x040e0000, 0x0412ba58, 0x04160000)
  to   space 512K,   0% used [0x04060000, 0x04060000, 0x040e0000)
 tenured generation   total 10944K, used 4754K [0x09150000, 0x09c00000, 0x13c00000)
   the space 10944K,  43% used [0x09150000, 0x095f4b98, 0x095f4c00, 0x09c00000)
 Metaspace       used 8199K, capacity 8357K, committed 8448K, reserved 8576K
Event: 321.350 GC heap after
Heap after GC invocations=552 (full 14):
 def new generation   total 4992K, used 302K [0x03c00000, 0x04160000, 0x09150000)
  eden space 4480K,   0% used [0x03c00000, 0x03c00000, 0x04060000)
  from space 512K,  59% used [0x04060000, 0x040aba38, 0x040e0000)
  to   space 512K,   0% used [0x040e0000, 0x040e0000, 0x04160000)
 tenured generation   total 10944K, used 4755K [0x09150000, 0x09c00000, 0x13c00000)
   the space 10944K,  43% used [0x09150000, 0x095f4c60, 0x095f4e00, 0x09c00000)
 Metaspace       used 8199K, capacity 8357K, committed 8448K, reserved 8576K
}

